<?xml version="1.0" encoding="utf-8"?><testsuites><testsuite name="pytest" errors="0" failures="0" skipped="0" tests="18" time="9.340" timestamp="2026-02-07T21:43:50.460984" hostname="agent-env-90b1db97-11a2-42b4-9e85-431b63cbe736"><testcase classname="tests.test_admin_dashboard.TestAdminAuthentication" name="test_admin_login_success" time="0.419" /><testcase classname="tests.test_admin_dashboard.TestAdminAuthentication" name="test_non_admin_login_success" time="0.334" /><testcase classname="tests.test_admin_dashboard.TestAdminRevenueEndpoint" name="test_admin_revenue_returns_200_for_admin" time="0.651" /><testcase classname="tests.test_admin_dashboard.TestAdminRevenueEndpoint" name="test_admin_revenue_returns_403_for_non_admin" time="0.454" /><testcase classname="tests.test_admin_dashboard.TestAdminRevenueEndpoint" name="test_admin_revenue_returns_401_without_auth" time="0.047" /><testcase classname="tests.test_admin_dashboard.TestAdminRevenueEndpoint" name="test_admin_revenue_summary_fields" time="0.658" /><testcase classname="tests.test_admin_dashboard.TestAdminRevenueEndpoint" name="test_admin_revenue_tier_breakdown" time="0.645" /><testcase classname="tests.test_admin_dashboard.TestAdminRevenueEndpoint" name="test_admin_revenue_ltv_by_tier" time="0.638" /><testcase classname="tests.test_admin_dashboard.TestAdminRevenueEndpoint" name="test_admin_revenue_trend" time="0.640" /><testcase classname="tests.test_admin_dashboard.TestAdminRevenueEndpoint" name="test_admin_revenue_recent_transactions" time="0.643" /><testcase classname="tests.test_admin_dashboard.TestAdminRevenueEndpoint" name="test_admin_revenue_recent_signups" time="0.665" /><testcase classname="tests.test_admin_dashboard.TestAdminRevenueEndpoint" name="test_admin_revenue_alerts" time="0.632" /><testcase classname="tests.test_admin_dashboard.TestAdminRevenueEndpoint" name="test_admin_revenue_date_range_30days" time="0.634" /><testcase classname="tests.test_admin_dashboard.TestAdminRevenueEndpoint" name="test_admin_revenue_date_range_60days" time="0.633" /><testcase classname="tests.test_admin_dashboard.TestAdminRevenueEndpoint" name="test_admin_revenue_date_range_90days" time="0.634" /><testcase classname="tests.test_admin_dashboard.TestAdminRevenueExport" name="test_export_csv_for_admin" time="0.474" /><testcase classname="tests.test_admin_dashboard.TestAdminRevenueExport" name="test_export_returns_403_for_non_admin" time="0.446" /><testcase classname="tests.test_admin_dashboard.TestAdminRevenueExport" name="test_export_returns_401_without_auth" time="0.036" /></testsuite></testsuites>