<?xml version="1.0" encoding="utf-8"?><testsuites><testsuite name="pytest" errors="0" failures="0" skipped="0" tests="13" time="2.676" timestamp="2026-02-06T14:36:48.214973" hostname="agent-env-90b1db97-11a2-42b4-9e85-431b63cbe736"><testcase classname="tests.test_ml_endpoints.TestMLModelsInfo" name="test_models_info_success" time="0.610" /><testcase classname="tests.test_ml_endpoints.TestWinProbability" name="test_win_probability_with_project_data" time="0.204" /><testcase classname="tests.test_ml_endpoints.TestDemandForecast" name="test_demand_forecast_success" time="0.135" /><testcase classname="tests.test_ml_endpoints.TestRegionalOutlook" name="test_regional_outlook_success" time="0.159" /><testcase classname="tests.test_ml_endpoints.TestCompetitiveLandscape" name="test_competitive_landscape_success" time="0.176" /><testcase classname="tests.test_ml_endpoints.TestCompetitiveAnalysis" name="test_competitive_analysis_success" time="0.153" /><testcase classname="tests.test_ml_endpoints.TestProjectMatching" name="test_project_matching_requires_profile" time="0.155" /><testcase classname="tests.test_ml_endpoints.TestTierGating" name="test_unpaid_user_blocked_from_models_info" time="0.470" /><testcase classname="tests.test_ml_endpoints.TestTierGating" name="test_unpaid_user_blocked_from_win_probability" time="0.132" /><testcase classname="tests.test_ml_endpoints.TestTierGating" name="test_unpaid_user_blocked_from_demand_forecast" time="0.132" /><testcase classname="tests.test_ml_endpoints.TestTierGating" name="test_unpaid_user_blocked_from_regional_outlook" time="0.131" /><testcase classname="tests.test_ml_endpoints.TestTierGating" name="test_unpaid_user_blocked_from_competitive_landscape" time="0.135" /><testcase classname="tests.test_ml_endpoints.TestAuthentication" name="test_unauthenticated_request_blocked" time="0.034" /></testsuite></testsuites>