<?xml version="1.0" encoding="utf-8"?><testsuites><testsuite name="pytest" errors="0" failures="0" skipped="0" tests="12" time="2.447" timestamp="2026-02-06T14:55:27.062522" hostname="agent-env-90b1db97-11a2-42b4-9e85-431b63cbe736"><testcase classname="tests.test_mock_data_removal.TestDataSources" name="test_data_sources_status_structure" time="0.697" /><testcase classname="tests.test_mock_data_removal.TestPermitsEndpoint" name="test_permits_returns_empty_when_unconfigured" time="0.157" /><testcase classname="tests.test_mock_data_removal.TestPermitsEndpoint" name="test_permits_no_fake_data_patterns" time="0.155" /><testcase classname="tests.test_mock_data_removal.TestCompetitorsEndpoint" name="test_competitors_returns_empty_or_user_tracked" time="0.158" /><testcase classname="tests.test_mock_data_removal.TestCompetitiveLandscape" name="test_competitive_landscape_returns_empty_when_no_competitors" time="0.175" /><testcase classname="tests.test_mock_data_removal.TestEconomicIndicators" name="test_economic_indicators_returns_configured_status" time="0.141" /><testcase classname="tests.test_mock_data_removal.TestEconomicIndicators" name="test_economic_indicators_no_demo_data" time="0.134" /><testcase classname="tests.test_mock_data_removal.TestBenchmarks" name="test_benchmarks_returns_configured_status" time="0.134" /><testcase classname="tests.test_mock_data_removal.TestMLModelsStillWork" name="test_demand_forecast_works" time="0.133" /><testcase classname="tests.test_mock_data_removal.TestMLModelsStillWork" name="test_win_probability_works" time="0.201" /><testcase classname="tests.test_mock_data_removal.TestNoHardcodedSampleData" name="test_my_competitors_shows_user_data_only" time="0.162" /><testcase classname="tests.test_mock_data_removal.TestNoHardcodedSampleData" name="test_my_projects_shows_user_data_only" time="0.153" /></testsuite></testsuites>