<?xml version="1.0" encoding="utf-8"?><testsuites><testsuite name="pytest" errors="0" failures="0" skipped="0" tests="18" time="2.683" timestamp="2026-02-07T14:16:54.330625" hostname="agent-env-90b1db97-11a2-42b4-9e85-431b63cbe736"><testcase classname="tests.test_production_readiness.TestPricingTiers" name="test_get_pricing_tiers" time="0.062" /><testcase classname="tests.test_production_readiness.TestPricingTiers" name="test_tier_features_present" time="0.059" /><testcase classname="tests.test_production_readiness.TestOnboarding" name="test_onboarding_status_returns_4_steps" time="0.516" /><testcase classname="tests.test_production_readiness.TestOnboarding" name="test_skip_onboarding" time="0.088" /><testcase classname="tests.test_production_readiness.TestOnboarding" name="test_onboarding_requires_auth" time="0.009" /><testcase classname="tests.test_production_readiness.TestHealthCheck" name="test_health_endpoint" time="0.080" /><testcase classname="tests.test_production_readiness.TestCustomerPortal" name="test_customer_portal_returns_info" time="0.109" /><testcase classname="tests.test_production_readiness.TestCustomerPortal" name="test_customer_portal_requires_subscription" time="0.417" /><testcase classname="tests.test_production_readiness.TestTierGating" name="test_ml_win_probability_blocked_for_unpaid" time="0.106" /><testcase classname="tests.test_production_readiness.TestTierGating" name="test_ml_demand_forecast_blocked_for_unpaid" time="0.107" /><testcase classname="tests.test_production_readiness.TestTierGating" name="test_enterprise_can_access_ml_endpoints" time="0.169" /><testcase classname="tests.test_production_readiness.TestTierGating" name="test_demand_forecast_month_limits" time="0.108" /><testcase classname="tests.test_production_readiness.TestDataValidation" name="test_permits_no_mock_data" time="0.126" /><testcase classname="tests.test_production_readiness.TestDataValidation" name="test_economic_indicators_no_mock_data" time="0.106" /><testcase classname="tests.test_production_readiness.TestDataValidation" name="test_competitors_no_mock_data" time="0.129" /><testcase classname="tests.test_production_readiness.TestMLResponses" name="test_ml_win_probability_response_structure" time="0.165" /><testcase classname="tests.test_production_readiness.TestMLResponses" name="test_ml_demand_forecast_response_structure" time="0.108" /><testcase classname="tests.test_production_readiness.TestDataSourcesStatus" name="test_data_sources_status" time="0.171" /></testsuite></testsuites>