<?xml version="1.0" encoding="utf-8"?><testsuites><testsuite name="pytest" errors="0" failures="1" skipped="0" tests="18" time="2.794" timestamp="2026-02-07T14:16:39.096378" hostname="agent-env-90b1db97-11a2-42b4-9e85-431b63cbe736"><testcase classname="tests.test_production_readiness.TestPricingTiers" name="test_get_pricing_tiers" time="0.075" /><testcase classname="tests.test_production_readiness.TestPricingTiers" name="test_tier_features_present" time="0.056" /><testcase classname="tests.test_production_readiness.TestOnboarding" name="test_onboarding_status_returns_4_steps" time="0.512" /><testcase classname="tests.test_production_readiness.TestOnboarding" name="test_skip_onboarding" time="0.090" /><testcase classname="tests.test_production_readiness.TestOnboarding" name="test_onboarding_requires_auth" time="0.011" /><testcase classname="tests.test_production_readiness.TestHealthCheck" name="test_health_endpoint" time="0.081" /><testcase classname="tests.test_production_readiness.TestCustomerPortal" name="test_customer_portal_returns_info" time="0.110" /><testcase classname="tests.test_production_readiness.TestCustomerPortal" name="test_customer_portal_requires_subscription" time="0.416" /><testcase classname="tests.test_production_readiness.TestTierGating" name="test_ml_win_probability_blocked_for_unpaid" time="0.112" /><testcase classname="tests.test_production_readiness.TestTierGating" name="test_ml_demand_forecast_blocked_for_unpaid" time="0.110" /><testcase classname="tests.test_production_readiness.TestTierGating" name="test_enterprise_can_access_ml_endpoints" time="0.179" /><testcase classname="tests.test_production_readiness.TestTierGating" name="test_demand_forecast_month_limits" time="0.109" /><testcase classname="tests.test_production_readiness.TestDataValidation" name="test_permits_no_mock_data" time="0.128" /><testcase classname="tests.test_production_readiness.TestDataValidation" name="test_economic_indicators_no_mock_data" time="0.107" /><testcase classname="tests.test_production_readiness.TestDataValidation" name="test_competitors_no_mock_data" time="0.132" /><testcase classname="tests.test_production_readiness.TestMLResponses" name="test_ml_win_probability_response_structure" time="0.167" /><testcase classname="tests.test_production_readiness.TestMLResponses" name="test_ml_demand_forecast_response_structure" time="0.108"><failure message="AssertionError: assert 'watermark' in {'forecasts': [{'confidence_interval': [119.42, 140.87], 'factors': {'economic': 1.0, 'momentum': 0.72, 'regional': 1.25, 'seasonality': 0.92, ...}, 'period': '2026-03', 'predicted_demand': 130.14, ...}, {'confidence_interval': [139.85, 165.77], 'factors': {'economic': 1.0, 'momentum': 0.72, 'regional': 1.25, 'seasonality': 1.05, ...}, 'period': '2026-04', 'predicted_demand': 152.81, ...}, {'confidence_interval': [157.17, 187.2], 'factors': {'economic': 1.0, 'momentum': 0.72, 'regional': 1.25, 'seasonality': 1.15, ...}, 'period': '2026-05', 'predicted_demand': 172.18, ...}, {'confidence_interval': [157.06, 187.98], 'factors': {'economic': 1.0, 'momentum': 0.72, 'regional': 1.25, 'seasonality': 1.12, ...}, 'period': '2026-06', 'predicted_demand': 172.52, ...}, {'confidence_interval': [155.41, 186.9], 'factors': {'economic': 1.0, 'momentum': 0.72, 'regional': 1.25, 'seasonality': 1.08, ...}, 'period': '2026-07', 'predicted_demand': 171.15, ...}, {'confidence_interval': [155.03, 187.35], 'factors': {'economic': 1.0, 'momentum': 0.72, 'regional': 1.25, 'seasonality': 1.05, ...}, 'period': '2026-08', 'predicted_demand': 171.19, ...}], 'legal_notice': 'Patent Pending. Proprietary Algorithm of Poor Dude Holdings LLC.', 'max_months': 6, 'model_version': '1.0.0 © 2025 Poor Dude Holdings LLC', ...}">backend/tests/test_production_readiness.py:306: in test_ml_demand_forecast_response_structure
    assert "watermark" in data  # Contains copyright notice
E   AssertionError: assert 'watermark' in {'forecasts': [{'confidence_interval': [119.42, 140.87], 'factors': {'economic': 1.0, 'momentum': 0.72, 'regional': 1.25, 'seasonality': 0.92, ...}, 'period': '2026-03', 'predicted_demand': 130.14, ...}, {'confidence_interval': [139.85, 165.77], 'factors': {'economic': 1.0, 'momentum': 0.72, 'regional': 1.25, 'seasonality': 1.05, ...}, 'period': '2026-04', 'predicted_demand': 152.81, ...}, {'confidence_interval': [157.17, 187.2], 'factors': {'economic': 1.0, 'momentum': 0.72, 'regional': 1.25, 'seasonality': 1.15, ...}, 'period': '2026-05', 'predicted_demand': 172.18, ...}, {'confidence_interval': [157.06, 187.98], 'factors': {'economic': 1.0, 'momentum': 0.72, 'regional': 1.25, 'seasonality': 1.12, ...}, 'period': '2026-06', 'predicted_demand': 172.52, ...}, {'confidence_interval': [155.41, 186.9], 'factors': {'economic': 1.0, 'momentum': 0.72, 'regional': 1.25, 'seasonality': 1.08, ...}, 'period': '2026-07', 'predicted_demand': 171.15, ...}, {'confidence_interval': [155.03, 187.35], 'factors': {'economic': 1.0, 'momentum': 0.72, 'regional': 1.25, 'seasonality': 1.05, ...}, 'period': '2026-08', 'predicted_demand': 171.19, ...}], 'legal_notice': 'Patent Pending. Proprietary Algorithm of Poor Dude Holdings LLC.', 'max_months': 6, 'model_version': '1.0.0 © 2025 Poor Dude Holdings LLC', ...}</failure></testcase><testcase classname="tests.test_production_readiness.TestDataSourcesStatus" name="test_data_sources_status" time="0.173" /></testsuite></testsuites>