<?xml version="1.0" encoding="utf-8"?><testsuites><testsuite name="pytest" errors="0" failures="0" skipped="0" tests="15" time="0.986" timestamp="2026-02-05T07:32:55.047787" hostname="agent-env-dc7d39e4-9482-4959-99de-e7ea1b7db93a"><testcase classname="tests.test_hhdrywall_api.TestHealthCheck" name="test_health_endpoint" time="0.004" /><testcase classname="tests.test_hhdrywall_api.TestAuthentication" name="test_login_enterprise_user" time="0.269" /><testcase classname="tests.test_hhdrywall_api.TestAuthentication" name="test_login_professional_user" time="0.229" /><testcase classname="tests.test_hhdrywall_api.TestAuthentication" name="test_login_invalid_credentials" time="0.004" /><testcase classname="tests.test_hhdrywall_api.TestAuthentication" name="test_get_current_user" time="0.238" /><testcase classname="tests.test_hhdrywall_api.TestSubscription" name="test_get_pricing_tiers" time="0.002" /><testcase classname="tests.test_hhdrywall_api.TestSubscription" name="test_get_current_subscription" time="0.006" /><testcase classname="tests.test_hhdrywall_api.TestAnalytics" name="test_get_analytics_summary" time="0.011" /><testcase classname="tests.test_hhdrywall_api.TestAnalytics" name="test_get_regional_analysis" time="0.006" /><testcase classname="tests.test_hhdrywall_api.TestProjects" name="test_list_projects" time="0.005" /><testcase classname="tests.test_hhdrywall_api.TestMLPredictions" name="test_get_demand_forecast" time="0.004" /><testcase classname="tests.test_hhdrywall_api.TestMLPredictions" name="test_get_regional_outlook" time="0.004" /><testcase classname="tests.test_hhdrywall_api.TestMLPredictions" name="test_get_win_probability" time="0.025" /><testcase classname="tests.test_hhdrywall_api.TestBatchScoring" name="test_batch_score_projects" time="0.008" /><testcase classname="tests.test_hhdrywall_api.TestCompetitorIntelligence" name="test_get_competitors" time="0.007" /></testsuite></testsuites>